<?xml version="1.0" encoding="UTF-8"?>
<testng-results ignored="0" total="1" passed="1" failed="0" skipped="0">
  <reporter-output>
  </reporter-output>
  <suite started-at="2026-05-16T10:42:48 IST" name="Default suite" finished-at="2026-05-16T10:43:10 IST" duration-ms="22263">
    <groups>
    </groups>
    <test started-at="2026-05-16T10:42:48 IST" name="Default test" finished-at="2026-05-16T10:43:10 IST" duration-ms="22263">
      <class name="withTestng.Samplecollection">
        <test-method signature="sampleCollection()[pri:0, instance:withTestng.Samplecollection@38425407]" started-at="2026-05-16T10:42:48 IST" name="sampleCollection" finished-at="2026-05-16T10:43:10 IST" duration-ms="22204" status="PASS">
          <reporter-output>
          </reporter-output>
        </test-method> <!-- sampleCollection -->
      </class> <!-- withTestng.Samplecollection -->
    </test> <!-- Default test -->
  </suite> <!-- Default suite -->
</testng-results>
