<?xml version="1.0" encoding="UTF-8"?>
<testng-results ignored="0" total="1" passed="1" failed="0" skipped="0">
  <reporter-output>
  </reporter-output>
  <suite started-at="2026-06-17T18:18:31 IST" name="Default suite" finished-at="2026-06-17T18:18:47 IST" duration-ms="16024">
    <groups>
    </groups>
    <test started-at="2026-06-17T18:18:31 IST" name="Default test" finished-at="2026-06-17T18:18:47 IST" duration-ms="16024">
      <class name="withTestng.DoctorEmpTest">
        <test-method signature="doctorEmp()[pri:0, instance:withTestng.DoctorEmpTest@40a4337a]" started-at="2026-06-17T18:18:31 IST" name="doctorEmp" finished-at="2026-06-17T18:18:47 IST" duration-ms="15964" status="PASS">
          <reporter-output>
          </reporter-output>
        </test-method> <!-- doctorEmp -->
      </class> <!-- withTestng.DoctorEmpTest -->
    </test> <!-- Default test -->
  </suite> <!-- Default suite -->
</testng-results>
